{"/Users/rohitagrawal/Dev/Personal/pearl-ui/src/index.ts": {"path":"/Users/rohitagrawal/Dev/Personal/pearl-ui/src/index.ts","statementMap":{},"fnMap":{},"branchMap":{},"s":{},"f":{},"b":{}}
,"/Users/rohitagrawal/Dev/Personal/pearl-ui/src/theme.ts": {"path":"/Users/rohitagrawal/Dev/Personal/pearl-ui/src/theme.ts","statementMap":{"0":{"start":{"line":3,"column":16},"end":{"line":73,"column":1}},"1":{"start":{"line":75,"column":30},"end":{"line":198,"column":2}},"2":{"start":{"line":202,"column":36},"end":{"line":209,"column":1}}},"fnMap":{},"branchMap":{},"s":{"0":3,"1":3,"2":3},"f":{},"b":{},"_coverageSchema":"1a1c01bbd47fc00a2c39e90264f33305004495a9","hash":"20c130ca1caecad283cedca9cb8415b0b4ef6ae0"}
,"/Users/rohitagrawal/Dev/Personal/pearl-ui/src/themeContext.tsx": {"path":"/Users/rohitagrawal/Dev/Personal/pearl-ui/src/themeContext.tsx","statementMap":{"0":{"start":{"line":26,"column":28},"end":{"line":26,"column":62}},"1":{"start":{"line":31,"column":59},"end":{"line":68,"column":1}},"2":{"start":{"line":37,"column":40},"end":{"line":37,"column":67}},"3":{"start":{"line":38,"column":36},"end":{"line":38,"column":73}},"4":{"start":{"line":39,"column":27},"end":{"line":39,"column":56}},"5":{"start":{"line":41,"column":22},"end":{"line":49,"column":3}},"6":{"start":{"line":42,"column":4},"end":{"line":48,"column":5}},"7":{"start":{"line":43,"column":6},"end":{"line":43,"column":27}},"8":{"start":{"line":44,"column":6},"end":{"line":44,"column":32}},"9":{"start":{"line":46,"column":6},"end":{"line":46,"column":28}},"10":{"start":{"line":47,"column":6},"end":{"line":47,"column":33}},"11":{"start":{"line":51,"column":2},"end":{"line":57,"column":9}},"12":{"start":{"line":53,"column":4},"end":{"line":56,"column":5}},"13":{"start":{"line":54,"column":6},"end":{"line":54,"column":37}},"14":{"start":{"line":55,"column":6},"end":{"line":55,"column":76}},"15":{"start":{"line":59,"column":2},"end":{"line":67,"column":4}},"16":{"start":{"line":73,"column":24},"end":{"line":73,"column":54}},"17":{"start":{"line":73,"column":30},"end":{"line":73,"column":54}}},"fnMap":{"0":{"name":"(anonymous_0)","decl":{"start":{"line":31,"column":59},"end":{"line":31,"column":60}},"loc":{"start":{"line":36,"column":6},"end":{"line":68,"column":1}},"line":36},"1":{"name":"(anonymous_1)","decl":{"start":{"line":41,"column":22},"end":{"line":41,"column":23}},"loc":{"start":{"line":41,"column":28},"end":{"line":49,"column":3}},"line":41},"2":{"name":"(anonymous_2)","decl":{"start":{"line":51,"column":12},"end":{"line":51,"column":13}},"loc":{"start":{"line":51,"column":18},"end":{"line":57,"column":3}},"line":51},"3":{"name":"(anonymous_3)","decl":{"start":{"line":73,"column":24},"end":{"line":73,"column":25}},"loc":{"start":{"line":73,"column":30},"end":{"line":73,"column":54}},"line":73}},"branchMap":{"0":{"loc":{"start":{"line":32,"column":2},"end":{"line":32,"column":28}},"type":"default-arg","locations":[{"start":{"line":32,"column":21},"end":{"line":32,"column":28}}],"line":32},"1":{"loc":{"start":{"line":33,"column":2},"end":{"line":33,"column":29}},"type":"default-arg","locations":[{"start":{"line":33,"column":15},"end":{"line":33,"column":29}}],"line":33},"2":{"loc":{"start":{"line":34,"column":2},"end":{"line":34,"column":27}},"type":"default-arg","locations":[{"start":{"line":34,"column":14},"end":{"line":34,"column":27}}],"line":34},"3":{"loc":{"start":{"line":42,"column":4},"end":{"line":48,"column":5}},"type":"if","locations":[{"start":{"line":42,"column":4},"end":{"line":48,"column":5}},{"start":{"line":42,"column":4},"end":{"line":48,"column":5}}],"line":42},"4":{"loc":{"start":{"line":53,"column":4},"end":{"line":56,"column":5}},"type":"if","locations":[{"start":{"line":53,"column":4},"end":{"line":56,"column":5}},{"start":{"line":53,"column":4},"end":{"line":56,"column":5}}],"line":53},"5":{"loc":{"start":{"line":55,"column":21},"end":{"line":55,"column":74}},"type":"cond-expr","locations":[{"start":{"line":55,"column":52},"end":{"line":55,"column":62}},{"start":{"line":55,"column":65},"end":{"line":55,"column":74}}],"line":55}},"s":{"0":3,"1":3,"2":4,"3":4,"4":4,"5":4,"6":0,"7":0,"8":0,"9":0,"10":0,"11":4,"12":4,"13":0,"14":0,"15":4,"16":3,"17":0},"f":{"0":4,"1":0,"2":4,"3":0},"b":{"0":[4],"1":[4],"2":[4],"3":[0,0],"4":[0,4],"5":[0,0]},"_coverageSchema":"1a1c01bbd47fc00a2c39e90264f33305004495a9","hash":"7ce065532c8979b66f2e18780a66e4100f039205"}
,"/Users/rohitagrawal/Dev/Personal/pearl-ui/src/utils.ts": {"path":"/Users/rohitagrawal/Dev/Personal/pearl-ui/src/utils.ts","statementMap":{"0":{"start":{"line":14,"column":38},"end":{"line":78,"column":1}},"1":{"start":{"line":19,"column":20},"end":{"line":19,"column":40}},"2":{"start":{"line":20,"column":25},"end":{"line":20,"column":27}},"3":{"start":{"line":23,"column":2},"end":{"line":75,"column":3}},"4":{"start":{"line":25,"column":21},"end":{"line":25,"column":30}},"5":{"start":{"line":26,"column":21},"end":{"line":26,"column":43}},"6":{"start":{"line":28,"column":4},"end":{"line":33,"column":5}},"7":{"start":{"line":28,"column":17},"end":{"line":28,"column":18}},"8":{"start":{"line":29,"column":25},"end":{"line":29,"column":64}},"9":{"start":{"line":30,"column":6},"end":{"line":32,"column":23}},"10":{"start":{"line":36,"column":22},"end":{"line":36,"column":31}},"11":{"start":{"line":37,"column":21},"end":{"line":37,"column":44}},"12":{"start":{"line":39,"column":4},"end":{"line":42,"column":5}},"13":{"start":{"line":39,"column":17},"end":{"line":39,"column":18}},"14":{"start":{"line":40,"column":25},"end":{"line":40,"column":77}},"15":{"start":{"line":41,"column":6},"end":{"line":41,"column":73}},"16":{"start":{"line":48,"column":21},"end":{"line":48,"column":42}},"17":{"start":{"line":49,"column":21},"end":{"line":49,"column":43}},"18":{"start":{"line":51,"column":4},"end":{"line":56,"column":5}},"19":{"start":{"line":51,"column":17},"end":{"line":51,"column":18}},"20":{"start":{"line":52,"column":25},"end":{"line":52,"column":64}},"21":{"start":{"line":53,"column":6},"end":{"line":55,"column":23}},"22":{"start":{"line":59,"column":27},"end":{"line":59,"column":52}},"23":{"start":{"line":60,"column":29},"end":{"line":62,"column":5}},"24":{"start":{"line":63,"column":4},"end":{"line":63,"column":55}},"25":{"start":{"line":66,"column":22},"end":{"line":66,"column":43}},"26":{"start":{"line":67,"column":21},"end":{"line":67,"column":44}},"27":{"start":{"line":69,"column":4},"end":{"line":74,"column":5}},"28":{"start":{"line":69,"column":17},"end":{"line":69,"column":18}},"29":{"start":{"line":70,"column":25},"end":{"line":72,"column":7}},"30":{"start":{"line":73,"column":6},"end":{"line":73,"column":73}},"31":{"start":{"line":77,"column":2},"end":{"line":77,"column":16}}},"fnMap":{"0":{"name":"(anonymous_0)","decl":{"start":{"line":14,"column":38},"end":{"line":14,"column":39}},"loc":{"start":{"line":18,"column":5},"end":{"line":78,"column":1}},"line":18}},"branchMap":{"0":{"loc":{"start":{"line":17,"column":2},"end":{"line":17,"column":19}},"type":"default-arg","locations":[{"start":{"line":17,"column":18},"end":{"line":17,"column":19}}],"line":17},"1":{"loc":{"start":{"line":23,"column":2},"end":{"line":75,"column":3}},"type":"if","locations":[{"start":{"line":23,"column":2},"end":{"line":75,"column":3}},{"start":{"line":23,"column":2},"end":{"line":75,"column":3}}],"line":23}},"s":{"0":0,"1":0,"2":0,"3":0,"4":0,"5":0,"6":0,"7":0,"8":0,"9":0,"10":0,"11":0,"12":0,"13":0,"14":0,"15":0,"16":0,"17":0,"18":0,"19":0,"20":0,"21":0,"22":0,"23":0,"24":0,"25":0,"26":0,"27":0,"28":0,"29":0,"30":0,"31":0},"f":{"0":0},"b":{"0":[0],"1":[0,0]}}
,"/Users/rohitagrawal/Dev/Personal/pearl-ui/src/components/Atoms/ActivityIndicator/ActivityIndicator.tsx": {"path":"/Users/rohitagrawal/Dev/Personal/pearl-ui/src/components/Atoms/ActivityIndicator/ActivityIndicator.tsx","statementMap":{"0":{"start":{"line":23,"column":25},"end":{"line":23,"column":42}},"1":{"start":{"line":41,"column":61},"end":{"line":127,"column":1}},"2":{"start":{"line":48,"column":2},"end":{"line":48,"column":28}},"3":{"start":{"line":48,"column":16},"end":{"line":48,"column":28}},"4":{"start":{"line":50,"column":16},"end":{"line":50,"column":33}},"5":{"start":{"line":51,"column":16},"end":{"line":51,"column":50}},"6":{"start":{"line":53,"column":25},"end":{"line":53,"column":37}},"7":{"start":{"line":55,"column":2},"end":{"line":62,"column":6}},"8":{"start":{"line":56,"column":4},"end":{"line":62,"column":6}},"9":{"start":{"line":63,"column":2},"end":{"line":70,"column":6}},"10":{"start":{"line":64,"column":4},"end":{"line":70,"column":6}},"11":{"start":{"line":71,"column":2},"end":{"line":78,"column":6}},"12":{"start":{"line":72,"column":4},"end":{"line":78,"column":6}},"13":{"start":{"line":79,"column":2},"end":{"line":86,"column":6}},"14":{"start":{"line":80,"column":4},"end":{"line":86,"column":6}},"15":{"start":{"line":87,"column":2},"end":{"line":94,"column":6}},"16":{"start":{"line":88,"column":4},"end":{"line":94,"column":6}},"17":{"start":{"line":95,"column":2},"end":{"line":102,"column":6}},"18":{"start":{"line":96,"column":4},"end":{"line":102,"column":6}},"19":{"start":{"line":103,"column":2},"end":{"line":110,"column":6}},"20":{"start":{"line":104,"column":4},"end":{"line":110,"column":6}},"21":{"start":{"line":111,"column":2},"end":{"line":118,"column":6}},"22":{"start":{"line":112,"column":4},"end":{"line":118,"column":6}},"23":{"start":{"line":120,"column":2},"end":{"line":126,"column":4}}},"fnMap":{"0":{"name":"(anonymous_0)","decl":{"start":{"line":41,"column":61},"end":{"line":41,"column":62}},"loc":{"start":{"line":47,"column":6},"end":{"line":127,"column":1}},"line":47}},"branchMap":{"0":{"loc":{"start":{"line":42,"column":2},"end":{"line":42,"column":19}},"type":"default-arg","locations":[{"start":{"line":42,"column":10},"end":{"line":42,"column":19}}],"line":42},"1":{"loc":{"start":{"line":43,"column":2},"end":{"line":43,"column":12}},"type":"default-arg","locations":[{"start":{"line":43,"column":9},"end":{"line":43,"column":12}}],"line":43},"2":{"loc":{"start":{"line":44,"column":2},"end":{"line":44,"column":21}},"type":"default-arg","locations":[{"start":{"line":44,"column":12},"end":{"line":44,"column":21}}],"line":44},"3":{"loc":{"start":{"line":45,"column":2},"end":{"line":45,"column":16}},"type":"default-arg","locations":[{"start":{"line":45,"column":12},"end":{"line":45,"column":16}}],"line":45},"4":{"loc":{"start":{"line":48,"column":2},"end":{"line":48,"column":28}},"type":"if","locations":[{"start":{"line":48,"column":2},"end":{"line":48,"column":28}},{"start":{"line":48,"column":2},"end":{"line":48,"column":28}}],"line":48},"5":{"loc":{"start":{"line":55,"column":2},"end":{"line":62,"column":6}},"type":"if","locations":[{"start":{"line":55,"column":2},"end":{"line":62,"column":6}},{"start":{"line":55,"column":2},"end":{"line":62,"column":6}}],"line":55},"6":{"loc":{"start":{"line":58,"column":15},"end":{"line":58,"column":41}},"type":"cond-expr","locations":[{"start":{"line":58,"column":23},"end":{"line":58,"column":28}},{"start":{"line":58,"column":31},"end":{"line":58,"column":41}}],"line":58},"7":{"loc":{"start":{"line":63,"column":2},"end":{"line":70,"column":6}},"type":"if","locations":[{"start":{"line":63,"column":2},"end":{"line":70,"column":6}},{"start":{"line":63,"column":2},"end":{"line":70,"column":6}}],"line":63},"8":{"loc":{"start":{"line":66,"column":15},"end":{"line":66,"column":41}},"type":"cond-expr","locations":[{"start":{"line":66,"column":23},"end":{"line":66,"column":28}},{"start":{"line":66,"column":31},"end":{"line":66,"column":41}}],"line":66},"9":{"loc":{"start":{"line":71,"column":2},"end":{"line":78,"column":6}},"type":"if","locations":[{"start":{"line":71,"column":2},"end":{"line":78,"column":6}},{"start":{"line":71,"column":2},"end":{"line":78,"column":6}}],"line":71},"10":{"loc":{"start":{"line":74,"column":15},"end":{"line":74,"column":41}},"type":"cond-expr","locations":[{"start":{"line":74,"column":23},"end":{"line":74,"column":28}},{"start":{"line":74,"column":31},"end":{"line":74,"column":41}}],"line":74},"11":{"loc":{"start":{"line":79,"column":2},"end":{"line":86,"column":6}},"type":"if","locations":[{"start":{"line":79,"column":2},"end":{"line":86,"column":6}},{"start":{"line":79,"column":2},"end":{"line":86,"column":6}}],"line":79},"12":{"loc":{"start":{"line":82,"column":15},"end":{"line":82,"column":41}},"type":"cond-expr","locations":[{"start":{"line":82,"column":23},"end":{"line":82,"column":28}},{"start":{"line":82,"column":31},"end":{"line":82,"column":41}}],"line":82},"13":{"loc":{"start":{"line":87,"column":2},"end":{"line":94,"column":6}},"type":"if","locations":[{"start":{"line":87,"column":2},"end":{"line":94,"column":6}},{"start":{"line":87,"column":2},"end":{"line":94,"column":6}}],"line":87},"14":{"loc":{"start":{"line":90,"column":15},"end":{"line":90,"column":41}},"type":"cond-expr","locations":[{"start":{"line":90,"column":23},"end":{"line":90,"column":28}},{"start":{"line":90,"column":31},"end":{"line":90,"column":41}}],"line":90},"15":{"loc":{"start":{"line":95,"column":2},"end":{"line":102,"column":6}},"type":"if","locations":[{"start":{"line":95,"column":2},"end":{"line":102,"column":6}},{"start":{"line":95,"column":2},"end":{"line":102,"column":6}}],"line":95},"16":{"loc":{"start":{"line":98,"column":15},"end":{"line":98,"column":41}},"type":"cond-expr","locations":[{"start":{"line":98,"column":23},"end":{"line":98,"column":28}},{"start":{"line":98,"column":31},"end":{"line":98,"column":41}}],"line":98},"17":{"loc":{"start":{"line":103,"column":2},"end":{"line":110,"column":6}},"type":"if","locations":[{"start":{"line":103,"column":2},"end":{"line":110,"column":6}},{"start":{"line":103,"column":2},"end":{"line":110,"column":6}}],"line":103},"18":{"loc":{"start":{"line":106,"column":15},"end":{"line":106,"column":41}},"type":"cond-expr","locations":[{"start":{"line":106,"column":23},"end":{"line":106,"column":28}},{"start":{"line":106,"column":31},"end":{"line":106,"column":41}}],"line":106},"19":{"loc":{"start":{"line":111,"column":2},"end":{"line":118,"column":6}},"type":"if","locations":[{"start":{"line":111,"column":2},"end":{"line":118,"column":6}},{"start":{"line":111,"column":2},"end":{"line":118,"column":6}}],"line":111},"20":{"loc":{"start":{"line":114,"column":15},"end":{"line":114,"column":41}},"type":"cond-expr","locations":[{"start":{"line":114,"column":23},"end":{"line":114,"column":28}},{"start":{"line":114,"column":31},"end":{"line":114,"column":41}}],"line":114},"21":{"loc":{"start":{"line":122,"column":13},"end":{"line":122,"column":39}},"type":"cond-expr","locations":[{"start":{"line":122,"column":21},"end":{"line":122,"column":26}},{"start":{"line":122,"column":29},"end":{"line":122,"column":39}}],"line":122}},"s":{"0":0,"1":0,"2":0,"3":0,"4":0,"5":0,"6":0,"7":0,"8":0,"9":0,"10":0,"11":0,"12":0,"13":0,"14":0,"15":0,"16":0,"17":0,"18":0,"19":0,"20":0,"21":0,"22":0,"23":0},"f":{"0":0},"b":{"0":[0],"1":[0],"2":[0],"3":[0],"4":[0,0],"5":[0,0],"6":[0,0],"7":[0,0],"8":[0,0],"9":[0,0],"10":[0,0],"11":[0,0],"12":[0,0],"13":[0,0],"14":[0,0],"15":[0,0],"16":[0,0],"17":[0,0],"18":[0,0],"19":[0,0],"20":[0,0],"21":[0,0]}}
,"/Users/rohitagrawal/Dev/Personal/pearl-ui/src/components/Atoms/Box/Box.tsx": {"path":"/Users/rohitagrawal/Dev/Personal/pearl-ui/src/components/Atoms/Box/Box.tsx","statementMap":{"0":{"start":{"line":4,"column":12},"end":{"line":4,"column":30}}},"fnMap":{},"branchMap":{},"s":{"0":2},"f":{},"b":{},"_coverageSchema":"1a1c01bbd47fc00a2c39e90264f33305004495a9","hash":"9689b24c8ef20f1714d7f5e9a2979f439352ef76"}
,"/Users/rohitagrawal/Dev/Personal/pearl-ui/src/components/Atoms/Center/Center.tsx": {"path":"/Users/rohitagrawal/Dev/Personal/pearl-ui/src/components/Atoms/Center/Center.tsx","statementMap":{"0":{"start":{"line":6,"column":42},"end":{"line":14,"column":1}},"1":{"start":{"line":7,"column":16},"end":{"line":7,"column":53}},"2":{"start":{"line":9,"column":2},"end":{"line":13,"column":4}}},"fnMap":{"0":{"name":"(anonymous_0)","decl":{"start":{"line":6,"column":42},"end":{"line":6,"column":43}},"loc":{"start":{"line":6,"column":69},"end":{"line":14,"column":1}},"line":6}},"branchMap":{},"s":{"0":1,"1":1,"2":1},"f":{"0":1},"b":{},"_coverageSchema":"1a1c01bbd47fc00a2c39e90264f33305004495a9","hash":"4eb27de366381966a633e3705984a9582b89393c"}
,"/Users/rohitagrawal/Dev/Personal/pearl-ui/src/components/Atoms/Screen/Screen.tsx": {"path":"/Users/rohitagrawal/Dev/Personal/pearl-ui/src/components/Atoms/Screen/Screen.tsx","statementMap":{"0":{"start":{"line":7,"column":38},"end":{"line":25,"column":1}},"1":{"start":{"line":8,"column":2},"end":{"line":24,"column":4}}},"fnMap":{"0":{"name":"(anonymous_0)","decl":{"start":{"line":7,"column":38},"end":{"line":7,"column":39}},"loc":{"start":{"line":7,"column":56},"end":{"line":25,"column":1}},"line":7}},"branchMap":{"0":{"loc":{"start":{"line":18,"column":22},"end":{"line":18,"column":77}},"type":"cond-expr","locations":[{"start":{"line":18,"column":50},"end":{"line":18,"column":73}},{"start":{"line":18,"column":76},"end":{"line":18,"column":77}}],"line":18}},"s":{"0":0,"1":0},"f":{"0":0},"b":{"0":[0,0]}}
,"/Users/rohitagrawal/Dev/Personal/pearl-ui/src/components/Atoms/Text/Text.tsx": {"path":"/Users/rohitagrawal/Dev/Personal/pearl-ui/src/components/Atoms/Text/Text.tsx","statementMap":{"0":{"start":{"line":4,"column":13},"end":{"line":4,"column":32}}},"fnMap":{},"branchMap":{},"s":{"0":1},"f":{},"b":{},"_coverageSchema":"1a1c01bbd47fc00a2c39e90264f33305004495a9","hash":"3713addedaaf796a8f59272c2be9f67015018674"}
,"/Users/rohitagrawal/Dev/Personal/pearl-ui/src/components/Molecules/Button/Button.tsx": {"path":"/Users/rohitagrawal/Dev/Personal/pearl-ui/src/components/Molecules/Button/Button.tsx","statementMap":{"0":{"start":{"line":14,"column":38},"end":{"line":40,"column":1}},"1":{"start":{"line":21,"column":2},"end":{"line":39,"column":23}}},"fnMap":{"0":{"name":"(anonymous_0)","decl":{"start":{"line":14,"column":38},"end":{"line":14,"column":39}},"loc":{"start":{"line":21,"column":2},"end":{"line":39,"column":23}},"line":21}},"branchMap":{"0":{"loc":{"start":{"line":31,"column":7},"end":{"line":37,"column":7}},"type":"cond-expr","locations":[{"start":{"line":32,"column":8},"end":{"line":32,"column":43}},{"start":{"line":34,"column":8},"end":{"line":36,"column":15}}],"line":31}},"s":{"0":0,"1":0},"f":{"0":0},"b":{"0":[0,0]}}
,"/Users/rohitagrawal/Dev/Personal/pearl-ui/src/components/Molecules/OfflineNotice/OfflineNotice.tsx": {"path":"/Users/rohitagrawal/Dev/Personal/pearl-ui/src/components/Molecules/OfflineNotice/OfflineNotice.tsx","statementMap":{"0":{"start":{"line":8,"column":18},"end":{"line":8,"column":30}},"1":{"start":{"line":10,"column":2},"end":{"line":28,"column":3}},"2":{"start":{"line":14,"column":4},"end":{"line":27,"column":6}},"3":{"start":{"line":30,"column":2},"end":{"line":30,"column":14}}},"fnMap":{"0":{"name":"OfflineNotice","decl":{"start":{"line":7,"column":24},"end":{"line":7,"column":37}},"loc":{"start":{"line":7,"column":40},"end":{"line":31,"column":1}},"line":7}},"branchMap":{"0":{"loc":{"start":{"line":10,"column":2},"end":{"line":28,"column":3}},"type":"if","locations":[{"start":{"line":10,"column":2},"end":{"line":28,"column":3}},{"start":{"line":10,"column":2},"end":{"line":28,"column":3}}],"line":10},"1":{"loc":{"start":{"line":11,"column":4},"end":{"line":12,"column":41}},"type":"binary-expr","locations":[{"start":{"line":11,"column":4},"end":{"line":11,"column":45}},{"start":{"line":12,"column":4},"end":{"line":12,"column":41}}],"line":11}},"s":{"0":0,"1":0,"2":0,"3":0},"f":{"0":0},"b":{"0":[0,0],"1":[0,0]}}
}
