{"/Users/rohitagrawal/Dev/Personal/nen-ui/App.tsx": {"path":"/Users/rohitagrawal/Dev/Personal/nen-ui/App.tsx","statementMap":{"0":{"start":{"line":7,"column":12},"end":{"line":11,"column":1}},"1":{"start":{"line":8,"column":2},"end":{"line":10,"column":18}}},"fnMap":{"0":{"name":"(anonymous_0)","decl":{"start":{"line":7,"column":12},"end":{"line":7,"column":13}},"loc":{"start":{"line":8,"column":2},"end":{"line":10,"column":18}},"line":8}},"branchMap":{},"s":{"0":0,"1":0},"f":{"0":0},"b":{}}
,"/Users/rohitagrawal/Dev/Personal/nen-ui/commitlint.config.js": {"path":"/Users/rohitagrawal/Dev/Personal/nen-ui/commitlint.config.js","statementMap":{"0":{"start":{"line":1,"column":0},"end":{"line":1,"column":66}}},"fnMap":{},"branchMap":{},"s":{"0":0},"f":{},"b":{}}
,"/Users/rohitagrawal/Dev/Personal/nen-ui/src/index.ts": {"path":"/Users/rohitagrawal/Dev/Personal/nen-ui/src/index.ts","statementMap":{},"fnMap":{},"branchMap":{},"s":{},"f":{},"b":{}}
,"/Users/rohitagrawal/Dev/Personal/nen-ui/src/theme.ts": {"path":"/Users/rohitagrawal/Dev/Personal/nen-ui/src/theme.ts","statementMap":{"0":{"start":{"line":3,"column":16},"end":{"line":14,"column":1}},"1":{"start":{"line":16,"column":14},"end":{"line":31,"column":2}}},"fnMap":{},"branchMap":{},"s":{"0":1,"1":1},"f":{},"b":{},"_coverageSchema":"1a1c01bbd47fc00a2c39e90264f33305004495a9","hash":"31fc6b9c396f16290f9e52e3f91876daf2605250"}
,"/Users/rohitagrawal/Dev/Personal/nen-ui/src/components/Box/Box.tsx": {"path":"/Users/rohitagrawal/Dev/Personal/nen-ui/src/components/Box/Box.tsx","statementMap":{"0":{"start":{"line":4,"column":12},"end":{"line":4,"column":30}}},"fnMap":{},"branchMap":{},"s":{"0":1},"f":{},"b":{},"_coverageSchema":"1a1c01bbd47fc00a2c39e90264f33305004495a9","hash":"3496de292d0b1fc836cb4c76c2f104688b35dcad"}
,"/Users/rohitagrawal/Dev/Personal/nen-ui/src/components/Button/Button.story.js": {"path":"/Users/rohitagrawal/Dev/Personal/nen-ui/src/components/Button/Button.story.js","statementMap":{"0":{"start":{"line":9,"column":0},"end":{"line":25,"column":5}},"1":{"start":{"line":10,"column":30},"end":{"line":10,"column":67}},"2":{"start":{"line":12,"column":4},"end":{"line":14,"column":13}},"3":{"start":{"line":17,"column":4},"end":{"line":19,"column":13}},"4":{"start":{"line":22,"column":4},"end":{"line":24,"column":13}}},"fnMap":{"0":{"name":"(anonymous_0)","decl":{"start":{"line":10,"column":16},"end":{"line":10,"column":17}},"loc":{"start":{"line":10,"column":30},"end":{"line":10,"column":67}},"line":10},"1":{"name":"(anonymous_1)","decl":{"start":{"line":11,"column":20},"end":{"line":11,"column":21}},"loc":{"start":{"line":12,"column":4},"end":{"line":14,"column":13}},"line":12},"2":{"name":"(anonymous_2)","decl":{"start":{"line":16,"column":26},"end":{"line":16,"column":27}},"loc":{"start":{"line":17,"column":4},"end":{"line":19,"column":13}},"line":17},"3":{"name":"(anonymous_3)","decl":{"start":{"line":21,"column":18},"end":{"line":21,"column":19}},"loc":{"start":{"line":22,"column":4},"end":{"line":24,"column":13}},"line":22}},"branchMap":{},"s":{"0":0,"1":0,"2":0,"3":0,"4":0},"f":{"0":0,"1":0,"2":0,"3":0},"b":{}}
,"/Users/rohitagrawal/Dev/Personal/nen-ui/src/components/Button/Button.tsx": {"path":"/Users/rohitagrawal/Dev/Personal/nen-ui/src/components/Button/Button.tsx","statementMap":{"0":{"start":{"line":15,"column":38},"end":{"line":43,"column":1}},"1":{"start":{"line":22,"column":2},"end":{"line":42,"column":23}}},"fnMap":{"0":{"name":"(anonymous_0)","decl":{"start":{"line":15,"column":38},"end":{"line":15,"column":39}},"loc":{"start":{"line":22,"column":2},"end":{"line":42,"column":23}},"line":22}},"branchMap":{"0":{"loc":{"start":{"line":34,"column":7},"end":{"line":40,"column":7}},"type":"cond-expr","locations":[{"start":{"line":35,"column":8},"end":{"line":35,"column":43}},{"start":{"line":37,"column":8},"end":{"line":39,"column":15}}],"line":34}},"s":{"0":0,"1":0},"f":{"0":0},"b":{"0":[0,0]}}
,"/Users/rohitagrawal/Dev/Personal/nen-ui/src/components/Text/Text.tsx": {"path":"/Users/rohitagrawal/Dev/Personal/nen-ui/src/components/Text/Text.tsx","statementMap":{"0":{"start":{"line":4,"column":13},"end":{"line":4,"column":32}}},"fnMap":{},"branchMap":{},"s":{"0":0},"f":{},"b":{}}
}
