TN:
SF:src/index.ts
FNF:0
FNH:0
LF:0
LH:0
BRF:0
BRH:0
end_of_record
TN:
SF:src/theme.ts
FNF:0
FNH:0
DA:8,6
DA:82,6
DA:215,6
LF:3
LH:3
BRF:0
BRH:0
end_of_record
TN:
SF:src/themeContext.tsx
FN:31,(anonymous_0)
FN:41,(anonymous_1)
FN:51,(anonymous_2)
FN:73,(anonymous_3)
FNF:4
FNH:2
FNDA:8,(anonymous_0)
FNDA:0,(anonymous_1)
FNDA:8,(anonymous_2)
FNDA:0,(anonymous_3)
DA:26,6
DA:31,6
DA:37,8
DA:38,8
DA:39,8
DA:41,8
DA:42,0
DA:43,0
DA:44,0
DA:46,0
DA:47,0
DA:51,8
DA:53,8
DA:54,0
DA:55,0
DA:59,8
DA:73,6
LF:17
LH:10
BRDA:32,0,0,8
BRDA:33,1,0,8
BRDA:34,2,0,8
BRDA:42,3,0,0
BRDA:42,3,1,0
BRDA:53,4,0,0
BRDA:53,4,1,8
BRDA:55,5,0,0
BRDA:55,5,1,0
BRF:9
BRH:4
end_of_record
TN:
SF:src/utils.ts
FN:11,(anonymous_0)
FNF:1
FNH:0
FNDA:0,(anonymous_0)
DA:11,0
DA:16,0
DA:17,0
DA:20,0
DA:22,0
DA:23,0
DA:25,0
DA:26,0
DA:27,0
DA:33,0
DA:34,0
DA:36,0
DA:37,0
DA:38,0
DA:45,0
DA:46,0
DA:48,0
DA:49,0
DA:50,0
DA:56,0
DA:57,0
DA:60,0
DA:63,0
DA:64,0
DA:66,0
DA:67,0
DA:70,0
DA:74,0
LF:28
LH:0
BRDA:14,0,0,0
BRDA:20,1,0,0
BRDA:20,1,1,0
BRF:3
BRH:0
end_of_record
TN:
SF:src/components/Atoms/ActivityIndicator/ActivityIndicator.tsx
FN:41,(anonymous_0)
FNF:1
FNH:1
FNDA:2,(anonymous_0)
DA:23,1
DA:41,1
DA:48,2
DA:50,1
DA:51,1
DA:53,1
DA:55,1
DA:56,0
DA:63,1
DA:64,0
DA:71,1
DA:72,0
DA:79,1
DA:80,0
DA:87,1
DA:88,0
DA:95,1
DA:96,0
DA:103,1
DA:104,0
DA:111,1
DA:112,0
DA:120,1
LF:23
LH:15
BRDA:42,0,0,2
BRDA:43,1,0,2
BRDA:44,2,0,2
BRDA:45,3,0,1
BRDA:48,4,0,1
BRDA:48,4,1,1
BRDA:55,5,0,0
BRDA:55,5,1,1
BRDA:58,6,0,0
BRDA:58,6,1,0
BRDA:63,7,0,0
BRDA:63,7,1,1
BRDA:66,8,0,0
BRDA:66,8,1,0
BRDA:71,9,0,0
BRDA:71,9,1,1
BRDA:74,10,0,0
BRDA:74,10,1,0
BRDA:79,11,0,0
BRDA:79,11,1,1
BRDA:82,12,0,0
BRDA:82,12,1,0
BRDA:87,13,0,0
BRDA:87,13,1,1
BRDA:90,14,0,0
BRDA:90,14,1,0
BRDA:95,15,0,0
BRDA:95,15,1,1
BRDA:98,16,0,0
BRDA:98,16,1,0
BRDA:103,17,0,0
BRDA:103,17,1,1
BRDA:106,18,0,0
BRDA:106,18,1,0
BRDA:111,19,0,0
BRDA:111,19,1,1
BRDA:114,20,0,0
BRDA:114,20,1,0
BRDA:122,21,0,0
BRDA:122,21,1,1
BRF:40
BRH:15
end_of_record
TN:
SF:src/components/Atoms/Box/Box.tsx
FNF:0
FNH:0
DA:7,4
LF:1
LH:1
BRF:0
BRH:0
end_of_record
TN:
SF:src/components/Atoms/Center/Center.tsx
FN:6,(anonymous_0)
FNF:1
FNH:1
FNDA:1,(anonymous_0)
DA:6,1
DA:7,1
DA:9,1
LF:3
LH:3
BRF:0
BRH:0
end_of_record
TN:
SF:src/components/Atoms/Screen/Screen.tsx
FN:9,(anonymous_0)
FNF:1
FNH:1
FNDA:1,(anonymous_0)
DA:9,1
DA:10,1
DA:12,1
LF:3
LH:3
BRDA:23,0,0,0
BRDA:23,0,1,1
BRF:2
BRH:1
end_of_record
TN:
SF:src/components/Atoms/Text/Text.tsx
FNF:0
FNH:0
DA:4,2
LF:1
LH:1
BRF:0
BRH:0
end_of_record
TN:
SF:src/components/Molecules/Button/Button.tsx
FN:14,(anonymous_0)
FNF:1
FNH:0
FNDA:0,(anonymous_0)
DA:14,0
DA:21,0
LF:2
LH:0
BRDA:31,0,0,0
BRDA:31,0,1,0
BRF:2
BRH:0
end_of_record
TN:
SF:src/components/Molecules/OfflineNotice/OfflineNotice.tsx
FN:11,(anonymous_0)
FNF:1
FNH:1
FNDA:1,(anonymous_0)
DA:11,1
DA:12,1
DA:13,1
DA:15,1
DA:19,0
DA:36,1
LF:6
LH:5
BRDA:15,0,0,0
BRDA:15,0,1,1
BRDA:16,1,0,1
BRDA:16,1,1,1
BRDA:16,1,2,1
BRF:5
BRH:4
end_of_record
